TN:
SF:src\modules\appointments\services\CreateAppointmentService.ts
FN:29,(anonymous_18)
FN:30,CreateAppointmentService
FN:35,(anonymous_20)
FNF:3
FNH:3
FNDA:1,(anonymous_18)
FNDA:2,CreateAppointmentService
FNDA:3,(anonymous_20)
DA:1,1
DA:3,1
DA:5,1
DA:29,1
DA:32,2
DA:35,3
DA:36,3
DA:38,3
DA:42,3
DA:43,1
DA:45,2
DA:51,2
DA:53,1
DA:55,1
LF:14
LH:14
BRDA:42,0,0,1
BRDA:42,0,1,2
BRF:2
BRH:2
end_of_record
TN:
SF:src\modules\users\services\AuthenticateUserService.ts
FN:21,(anonymous_18)
FN:23,AuthenticateUserService
FN:31,(anonymous_20)
FNF:3
FNH:3
FNDA:2,(anonymous_18)
FNDA:5,AuthenticateUserService
FNDA:4,(anonymous_20)
DA:2,2
DA:3,2
DA:4,2
DA:7,2
DA:21,2
DA:25,5
DA:28,5
DA:31,4
DA:33,4
DA:35,4
DA:36,1
DA:39,3
DA:41,3
DA:42,1
DA:44,2
DA:46,2
DA:51,2
DA:53,2
DA:55,2
LF:19
LH:19
BRDA:33,0,0,4
BRDA:35,1,0,1
BRDA:35,1,1,3
BRDA:41,2,0,1
BRDA:41,2,1,2
BRF:5
BRH:5
end_of_record
TN:
SF:src\modules\users\services\CreateUserService.ts
FN:16,(anonymous_18)
FN:18,CreateUser
FN:27,(anonymous_20)
FNF:3
FNH:3
FNDA:2,(anonymous_18)
FNDA:4,CreateUser
FNDA:5,(anonymous_20)
DA:3,2
DA:6,2
DA:16,2
DA:20,4
DA:23,4
DA:27,5
DA:30,5
DA:32,5
DA:33,1
DA:37,4
DA:39,4
DA:45,4
DA:47,2
DA:49,2
LF:14
LH:14
BRDA:30,0,0,5
BRDA:32,1,0,1
BRDA:32,1,1,4
BRF:3
BRH:3
end_of_record
TN:
SF:src\modules\users\services\UploadUserAvatarService.ts
FN:16,(anonymous_18)
FN:18,UpdateUserAvatartService
FN:22,(anonymous_20)
FNF:3
FNH:0
FNDA:0,(anonymous_18)
FNDA:0,UpdateUserAvatartService
FNDA:0,(anonymous_20)
DA:1,0
DA:2,0
DA:3,0
DA:4,0
DA:7,0
DA:16,0
DA:20,0
DA:22,0
DA:24,0
DA:26,0
DA:27,0
DA:31,0
DA:33,0
DA:34,0
DA:36,0
DA:37,0
DA:41,0
DA:42,0
DA:43,0
DA:45,0
DA:47,0
LF:21
LH:0
BRDA:24,0,0,0
BRDA:26,1,0,0
BRDA:26,1,1,0
BRDA:31,2,0,0
BRDA:31,2,1,0
BRDA:36,3,0,0
BRDA:36,3,1,0
BRF:7
BRH:0
end_of_record
