TN:
SF:src\modules\appointments\services\CreateAppointmentService.ts
FN:17,(anonymous_18)
FN:18,CreateAppointmentService
FN:23,(anonymous_20)
FNF:3
FNH:3
FNDA:1,(anonymous_18)
FNDA:5,CreateAppointmentService
FNDA:7,(anonymous_20)
DA:1,1
DA:3,1
DA:5,1
DA:17,1
DA:20,5
DA:23,7
DA:24,7
DA:26,7
DA:27,2
DA:30,5
DA:31,1
DA:34,4
DA:35,1
DA:38,3
DA:42,3
DA:43,1
DA:45,2
DA:52,2
DA:54,1
DA:56,1
LF:20
LH:20
BRDA:26,0,0,2
BRDA:26,0,1,5
BRDA:30,1,0,1
BRDA:30,1,1,4
BRDA:34,2,0,1
BRDA:34,2,1,3
BRDA:34,3,0,4
BRDA:34,3,1,3
BRDA:42,4,0,1
BRDA:42,4,1,2
BRF:10
BRH:10
end_of_record
TN:
SF:src\modules\appointments\services\ListProviderDayAvailabilityService.ts
FN:18,(anonymous_17)
FN:20,ListProviderMonthAvailability
FN:25,(anonymous_19)
FN:37,(anonymous_22)
FN:41,(anonymous_23)
FN:43,(anonymous_24)
FNF:6
FNH:6
FNDA:1,(anonymous_17)
FNDA:1,ListProviderMonthAvailability
FNDA:1,(anonymous_19)
FNDA:10,(anonymous_22)
FNDA:10,(anonymous_23)
FNDA:19,(anonymous_24)
DA:1,1
DA:2,1
DA:18,1
DA:22,1
DA:25,1
DA:26,1
DA:33,1
DA:35,1
DA:37,10
DA:40,1
DA:41,1
DA:42,10
DA:44,19
DA:47,10
DA:49,10
DA:55,1
DA:58,1
DA:60,1
LF:18
LH:18
BRDA:26,0,0,1
BRDA:51,1,0,10
BRDA:51,1,1,8
BRF:3
BRH:3
end_of_record
TN:
SF:src\modules\appointments\services\ListProviderMonthAvailability.ts
FN:18,(anonymous_17)
FN:20,ListProviderMonthAvailability
FN:25,(anonymous_19)
FN:38,(anonymous_22)
FN:40,(anonymous_23)
FN:41,(anonymous_24)
FNF:6
FNH:6
FNDA:1,(anonymous_17)
FNDA:1,ListProviderMonthAvailability
FNDA:1,(anonymous_19)
FNDA:31,(anonymous_22)
FNDA:31,(anonymous_23)
FNDA:310,(anonymous_24)
DA:1,1
DA:2,1
DA:18,1
DA:22,1
DA:25,1
DA:26,1
DA:32,1
DA:36,1
DA:38,31
DA:40,1
DA:41,31
DA:42,310
DA:44,31
DA:49,1
DA:51,1
DA:53,1
LF:16
LH:16
BRDA:26,0,0,1
BRF:1
BRH:1
end_of_record
TN:
SF:src\modules\appointments\services\ListProviderService.ts
FN:11,(anonymous_17)
FN:13,ListProviderService
FN:18,(anonymous_19)
FNF:3
FNH:3
FNDA:1,(anonymous_17)
FNDA:1,ListProviderService
FNDA:1,(anonymous_19)
DA:1,1
DA:11,1
DA:15,1
DA:18,1
DA:19,1
DA:22,1
DA:24,1
DA:26,1
LF:8
LH:8
BRDA:19,0,0,1
BRF:1
BRH:1
end_of_record
TN:
SF:src\modules\users\services\AuthenticateUserService.ts
FN:21,(anonymous_18)
FN:23,AuthenticateUserService
FN:31,(anonymous_20)
FNF:3
FNH:3
FNDA:2,(anonymous_18)
FNDA:5,AuthenticateUserService
FNDA:4,(anonymous_20)
DA:2,2
DA:3,2
DA:4,2
DA:7,2
DA:21,2
DA:25,5
DA:28,5
DA:31,4
DA:33,4
DA:35,4
DA:36,1
DA:39,3
DA:41,3
DA:42,1
DA:44,2
DA:46,2
DA:51,2
DA:53,2
DA:55,2
LF:19
LH:19
BRDA:33,0,0,4
BRDA:35,1,0,1
BRDA:35,1,1,3
BRDA:41,2,0,1
BRDA:41,2,1,2
BRF:5
BRH:5
end_of_record
TN:
SF:src\modules\users\services\CreateUserService.ts
FN:16,(anonymous_18)
FN:18,CreateUser
FN:27,(anonymous_20)
FNF:3
FNH:3
FNDA:2,(anonymous_18)
FNDA:5,CreateUser
FNDA:5,(anonymous_20)
DA:3,2
DA:6,2
DA:16,2
DA:20,5
DA:23,5
DA:27,5
DA:30,5
DA:32,5
DA:33,1
DA:37,4
DA:39,4
DA:45,4
DA:47,2
DA:49,2
LF:14
LH:14
BRDA:30,0,0,5
BRDA:32,1,0,1
BRDA:32,1,1,4
BRF:3
BRH:3
end_of_record
TN:
SF:src\modules\users\services\ResetPasswordService.ts
FN:15,(anonymous_18)
FN:17,ResetPasswordService
FN:29,(anonymous_20)
FNF:3
FNH:3
FNDA:1,(anonymous_18)
FNDA:4,ResetPasswordService
FNDA:4,(anonymous_20)
DA:1,1
DA:2,1
DA:4,1
DA:15,1
DA:19,4
DA:22,4
DA:25,4
DA:29,4
DA:30,4
DA:31,4
DA:32,1
DA:35,3
DA:37,3
DA:38,1
DA:40,2
DA:42,2
DA:44,2
DA:45,1
DA:48,1
DA:49,2
DA:52,1
DA:54,1
LF:22
LH:22
BRDA:30,0,0,4
BRDA:31,1,0,1
BRDA:31,1,1,3
BRDA:37,2,0,1
BRDA:37,2,1,2
BRDA:44,3,0,1
BRDA:44,3,1,1
BRF:7
BRH:7
end_of_record
TN:
SF:src\modules\users\services\SendForgotPasswordEmailService.ts
FN:15,(anonymous_18)
FN:17,SendForgotPasswordEmailService
FN:29,(anonymous_20)
FNF:3
FNH:3
FNDA:1,(anonymous_18)
FNDA:3,SendForgotPasswordEmailService
FNDA:3,(anonymous_20)
DA:1,1
DA:2,1
DA:4,1
DA:15,1
DA:19,3
DA:22,3
DA:25,3
DA:29,3
DA:30,3
DA:32,3
DA:33,1
DA:36,2
DA:37,2
DA:39,4
DA:55,1
DA:57,1
LF:16
LH:16
BRDA:30,0,0,3
BRDA:32,1,0,1
BRDA:32,1,1,2
BRF:3
BRH:3
end_of_record
TN:
SF:src\modules\users\services\ShowProviderService.ts
FN:12,(anonymous_18)
FN:14,showProfileService
FN:19,(anonymous_20)
FNF:3
FNH:3
FNDA:1,(anonymous_18)
FNDA:2,showProfileService
FNDA:2,(anonymous_20)
DA:1,1
DA:3,1
DA:12,1
DA:16,2
DA:19,2
DA:20,2
DA:22,2
DA:23,1
DA:25,1
DA:27,1
DA:29,1
LF:11
LH:11
BRDA:20,0,0,2
BRDA:22,1,0,1
BRDA:22,1,1,1
BRF:3
BRH:3
end_of_record
TN:
SF:src\modules\users\services\UpdateProfileService.ts
FN:17,(anonymous_18)
FN:19,UpdateProfile
FN:26,(anonymous_20)
FNF:3
FNH:3
FNDA:1,(anonymous_18)
FNDA:6,UpdateProfile
FNDA:6,(anonymous_20)
DA:1,1
DA:3,1
DA:17,1
DA:21,6
DA:24,6
DA:26,6
DA:28,6
DA:30,6
DA:31,1
DA:34,5
DA:36,5
DA:37,1
DA:40,4
DA:41,1
DA:44,4
DA:45,2
DA:47,2
DA:48,1
DA:51,1
DA:54,2
DA:55,2
DA:57,2
DA:59,1
DA:61,1
LF:24
LH:24
BRDA:28,0,0,6
BRDA:30,1,0,1
BRDA:30,1,1,5
BRDA:36,2,0,1
BRDA:36,2,1,4
BRDA:36,3,0,5
BRDA:36,3,1,1
BRDA:40,4,0,1
BRDA:40,4,1,3
BRDA:40,5,0,4
BRDA:40,5,1,3
BRDA:44,6,0,1
BRDA:44,6,1,2
BRDA:44,7,0,3
BRDA:44,7,1,2
BRDA:47,8,0,1
BRDA:47,8,1,1
BRF:17
BRH:17
end_of_record
TN:
SF:src\modules\users\services\UpdateUserAvatarService.ts
FN:19,(anonymous_18)
FN:21,UpdateUserAvatartService
FN:28,(anonymous_20)
FNF:3
FNH:3
FNDA:1,(anonymous_18)
FNDA:5,UpdateUserAvatartService
FNDA:4,(anonymous_20)
DA:5,1
DA:9,1
DA:19,1
DA:23,5
DA:26,5
DA:28,4
DA:30,4
DA:32,4
DA:33,1
DA:36,5
DA:37,2
DA:40,3
DA:43,3
DA:44,6
DA:46,3
DA:48,1
DA:50,1
LF:17
LH:17
BRDA:30,0,0,4
BRDA:30,0,1,3
BRDA:32,1,0,1
BRDA:32,1,1,3
BRDA:36,2,0,2
BRDA:36,2,1,1
BRF:6
BRH:6
end_of_record
